CRITICAL - 2023-05-30 08:00:25 --> Invalid file: "table_lab.php"
in SYSTEMPATH/Exceptions/FrameworkException.php on line 33.
 1 SYSTEMPATH/View/View.php(201): CodeIgniter\Exceptions\FrameworkException::forInvalidFile('table_lab.php')
 2 SYSTEMPATH/Common.php(1184): CodeIgniter\View\View->render('table_lab', [], true)
 3 APPPATH/Controllers/Home.php(45): view('table_lab', [...])
 4 SYSTEMPATH/CodeIgniter.php(934): App\Controllers\Home->tableLab()
 5 SYSTEMPATH/CodeIgniter.php(499): CodeIgniter\CodeIgniter->runController(Object(App\Controllers\Home))
 6 SYSTEMPATH/CodeIgniter.php(368): CodeIgniter\CodeIgniter->handleRequest(null, Object(Config\Cache), false)
 7 FCPATH/index.php(67): CodeIgniter\CodeIgniter->run()
 8 SYSTEMPATH/Commands/Server/rewrite.php(47): require_once('/Users/jameswayd/Desktop/my-project/public/index.php')
CRITICAL - 2023-05-30 09:37:29 --> Undefined variable $description
in APPPATH/Views/TableLabView.php on line 22.
 1 APPPATH/Views/TableLabView.php(22): CodeIgniter\Debug\Exceptions->errorHandler(2, 'Undefined variable $description', '/Users/jameswayd/Desktop/my-project/app/Views/TableLabView.php', 22)
 2 SYSTEMPATH/View/View.php(213): include('/Users/jameswayd/Desktop/my-project/app/Views/TableLabView.php')
 3 SYSTEMPATH/View/View.php(216): CodeIgniter\View\View->CodeIgniter\View\{closure}()
 4 SYSTEMPATH/Common.php(1184): CodeIgniter\View\View->render('TableLabView', [], true)
 5 APPPATH/Controllers/TableLab.php(42): view('TableLabView', [...])
 6 SYSTEMPATH/CodeIgniter.php(934): App\Controllers\TableLab->tablelab()
 7 SYSTEMPATH/CodeIgniter.php(499): CodeIgniter\CodeIgniter->runController(Object(App\Controllers\TableLab))
 8 SYSTEMPATH/CodeIgniter.php(368): CodeIgniter\CodeIgniter->handleRequest(null, Object(Config\Cache), false)
 9 FCPATH/index.php(67): CodeIgniter\CodeIgniter->run()
10 SYSTEMPATH/Commands/Server/rewrite.php(47): require_once('/Users/jameswayd/Desktop/my-project/public/index.php')
CRITICAL - 2023-05-30 10:06:22 --> Undefined variable $step
in APPPATH/Views/TableLabView.php on line 21.
 1 APPPATH/Views/TableLabView.php(21): CodeIgniter\Debug\Exceptions->errorHandler(2, 'Undefined variable $step', '/Users/jameswayd/Desktop/my-project/app/Views/TableLabView.php', 21)
 2 SYSTEMPATH/View/View.php(213): include('/Users/jameswayd/Desktop/my-project/app/Views/TableLabView.php')
 3 SYSTEMPATH/View/View.php(216): CodeIgniter\View\View->CodeIgniter\View\{closure}()
 4 SYSTEMPATH/Common.php(1184): CodeIgniter\View\View->render('TableLabView', [], true)
 5 APPPATH/Controllers/TableLab.php(42): view('TableLabView', [...])
 6 SYSTEMPATH/CodeIgniter.php(934): App\Controllers\TableLab->tablelab()
 7 SYSTEMPATH/CodeIgniter.php(499): CodeIgniter\CodeIgniter->runController(Object(App\Controllers\TableLab))
 8 SYSTEMPATH/CodeIgniter.php(368): CodeIgniter\CodeIgniter->handleRequest(null, Object(Config\Cache), false)
 9 FCPATH/index.php(67): CodeIgniter\CodeIgniter->run()
10 SYSTEMPATH/Commands/Server/rewrite.php(47): require_once('/Users/jameswayd/Desktop/my-project/public/index.php')
CRITICAL - 2023-05-30 10:30:21 --> Undefined variable $task
in APPPATH/Views/TableLabView.php on line 21.
 1 APPPATH/Views/TableLabView.php(21): CodeIgniter\Debug\Exceptions->errorHandler(2, 'Undefined variable $task', '/Users/jameswayd/Desktop/my-project/app/Views/TableLabView.php', 21)
 2 SYSTEMPATH/View/View.php(213): include('/Users/jameswayd/Desktop/my-project/app/Views/TableLabView.php')
 3 SYSTEMPATH/View/View.php(216): CodeIgniter\View\View->CodeIgniter\View\{closure}()
 4 SYSTEMPATH/Common.php(1184): CodeIgniter\View\View->render('TableLabView', [], true)
 5 APPPATH/Controllers/TableLab.php(42): view('TableLabView', [...])
 6 SYSTEMPATH/CodeIgniter.php(934): App\Controllers\TableLab->tablelab()
 7 SYSTEMPATH/CodeIgniter.php(499): CodeIgniter\CodeIgniter->runController(Object(App\Controllers\TableLab))
 8 SYSTEMPATH/CodeIgniter.php(368): CodeIgniter\CodeIgniter->handleRequest(null, Object(Config\Cache), false)
 9 FCPATH/index.php(67): CodeIgniter\CodeIgniter->run()
10 SYSTEMPATH/Commands/Server/rewrite.php(47): require_once('/Users/jameswayd/Desktop/my-project/public/index.php')
CRITICAL - 2023-05-30 10:30:39 --> Array to string conversion
in APPPATH/Views/TableLabView.php on line 21.
 1 APPPATH/Views/TableLabView.php(21): CodeIgniter\Debug\Exceptions->errorHandler(2, 'Array to string conversion', '/Users/jameswayd/Desktop/my-project/app/Views/TableLabView.php', 21)
 2 SYSTEMPATH/View/View.php(213): include('/Users/jameswayd/Desktop/my-project/app/Views/TableLabView.php')
 3 SYSTEMPATH/View/View.php(216): CodeIgniter\View\View->CodeIgniter\View\{closure}()
 4 SYSTEMPATH/Common.php(1184): CodeIgniter\View\View->render('TableLabView', [], true)
 5 APPPATH/Controllers/TableLab.php(42): view('TableLabView', [...])
 6 SYSTEMPATH/CodeIgniter.php(934): App\Controllers\TableLab->tablelab()
 7 SYSTEMPATH/CodeIgniter.php(499): CodeIgniter\CodeIgniter->runController(Object(App\Controllers\TableLab))
 8 SYSTEMPATH/CodeIgniter.php(368): CodeIgniter\CodeIgniter->handleRequest(null, Object(Config\Cache), false)
 9 FCPATH/index.php(67): CodeIgniter\CodeIgniter->run()
10 SYSTEMPATH/Commands/Server/rewrite.php(47): require_once('/Users/jameswayd/Desktop/my-project/public/index.php')
CRITICAL - 2023-05-30 10:34:05 --> Cannot access offset of type string on string
in APPPATH/Views/TableLabView.php on line 25.
 1 SYSTEMPATH/View/View.php(213): include()
 2 SYSTEMPATH/View/View.php(216): CodeIgniter\View\View->CodeIgniter\View\{closure}()
 3 SYSTEMPATH/Common.php(1184): CodeIgniter\View\View->render('TableLabView', [], true)
 4 APPPATH/Controllers/TableLab.php(42): view('TableLabView', [...])
 5 SYSTEMPATH/CodeIgniter.php(934): App\Controllers\TableLab->tablelab()
 6 SYSTEMPATH/CodeIgniter.php(499): CodeIgniter\CodeIgniter->runController(Object(App\Controllers\TableLab))
 7 SYSTEMPATH/CodeIgniter.php(368): CodeIgniter\CodeIgniter->handleRequest(null, Object(Config\Cache), false)
 8 FCPATH/index.php(67): CodeIgniter\CodeIgniter->run()
 9 SYSTEMPATH/Commands/Server/rewrite.php(47): require_once('/Users/jameswayd/Desktop/my-project/public/index.php')
CRITICAL - 2023-05-30 11:10:03 --> Array to string conversion
in APPPATH/Views/TableLabView.php on line 25.
 1 APPPATH/Views/TableLabView.php(25): CodeIgniter\Debug\Exceptions->errorHandler(2, 'Array to string conversion', '/Users/jameswayd/Desktop/my-project/app/Views/TableLabView.php', 25)
 2 SYSTEMPATH/View/View.php(213): include('/Users/jameswayd/Desktop/my-project/app/Views/TableLabView.php')
 3 SYSTEMPATH/View/View.php(216): CodeIgniter\View\View->CodeIgniter\View\{closure}()
 4 SYSTEMPATH/Common.php(1184): CodeIgniter\View\View->render('TableLabView', [], true)
 5 APPPATH/Controllers/TableLab.php(42): view('TableLabView', [...])
 6 SYSTEMPATH/CodeIgniter.php(934): App\Controllers\TableLab->tablelab()
 7 SYSTEMPATH/CodeIgniter.php(499): CodeIgniter\CodeIgniter->runController(Object(App\Controllers\TableLab))
 8 SYSTEMPATH/CodeIgniter.php(368): CodeIgniter\CodeIgniter->handleRequest(null, Object(Config\Cache), false)
 9 FCPATH/index.php(67): CodeIgniter\CodeIgniter->run()
10 SYSTEMPATH/Commands/Server/rewrite.php(47): require_once('/Users/jameswayd/Desktop/my-project/public/index.php')
CRITICAL - 2023-05-30 13:27:50 --> Cannot access offset of type string on string
in APPPATH/Views/TableLabView.php on line 19.
 1 SYSTEMPATH/View/View.php(213): include()
 2 SYSTEMPATH/View/View.php(216): CodeIgniter\View\View->CodeIgniter\View\{closure}()
 3 SYSTEMPATH/Common.php(1184): CodeIgniter\View\View->render('TableLabView', [], true)
 4 APPPATH/Controllers/TableLab.php(46): view('TableLabView', [...])
 5 SYSTEMPATH/CodeIgniter.php(934): App\Controllers\TableLab->tablelab()
 6 SYSTEMPATH/CodeIgniter.php(499): CodeIgniter\CodeIgniter->runController(Object(App\Controllers\TableLab))
 7 SYSTEMPATH/CodeIgniter.php(368): CodeIgniter\CodeIgniter->handleRequest(null, Object(Config\Cache), false)
 8 FCPATH/index.php(67): CodeIgniter\CodeIgniter->run()
 9 SYSTEMPATH/Commands/Server/rewrite.php(47): require_once('/Users/jameswayd/Desktop/my-project/public/index.php')
CRITICAL - 2023-05-30 13:29:49 --> foreach() argument must be of type array|object, string given
in APPPATH/Views/TableLabView.php on line 19.
 1 APPPATH/Views/TableLabView.php(19): CodeIgniter\Debug\Exceptions->errorHandler(2, 'foreach() argument must be of type array|object, string given', '/Users/jameswayd/Desktop/my-project/app/Views/TableLabView.php', 19)
 2 SYSTEMPATH/View/View.php(213): include('/Users/jameswayd/Desktop/my-project/app/Views/TableLabView.php')
 3 SYSTEMPATH/View/View.php(216): CodeIgniter\View\View->CodeIgniter\View\{closure}()
 4 SYSTEMPATH/Common.php(1184): CodeIgniter\View\View->render('TableLabView', [], true)
 5 APPPATH/Controllers/TableLab.php(46): view('TableLabView', [...])
 6 SYSTEMPATH/CodeIgniter.php(934): App\Controllers\TableLab->tablelab()
 7 SYSTEMPATH/CodeIgniter.php(499): CodeIgniter\CodeIgniter->runController(Object(App\Controllers\TableLab))
 8 SYSTEMPATH/CodeIgniter.php(368): CodeIgniter\CodeIgniter->handleRequest(null, Object(Config\Cache), false)
 9 FCPATH/index.php(67): CodeIgniter\CodeIgniter->run()
10 SYSTEMPATH/Commands/Server/rewrite.php(47): require_once('/Users/jameswayd/Desktop/my-project/public/index.php')
CRITICAL - 2023-05-30 13:32:13 --> foreach() argument must be of type array|object, string given
in APPPATH/Views/TableLabView.php on line 19.
 1 APPPATH/Views/TableLabView.php(19): CodeIgniter\Debug\Exceptions->errorHandler(2, 'foreach() argument must be of type array|object, string given', '/Users/jameswayd/Desktop/my-project/app/Views/TableLabView.php', 19)
 2 SYSTEMPATH/View/View.php(213): include('/Users/jameswayd/Desktop/my-project/app/Views/TableLabView.php')
 3 SYSTEMPATH/View/View.php(216): CodeIgniter\View\View->CodeIgniter\View\{closure}()
 4 SYSTEMPATH/Common.php(1184): CodeIgniter\View\View->render('TableLabView', [], true)
 5 APPPATH/Controllers/TableLab.php(46): view('TableLabView', [...])
 6 SYSTEMPATH/CodeIgniter.php(934): App\Controllers\TableLab->tablelab()
 7 SYSTEMPATH/CodeIgniter.php(499): CodeIgniter\CodeIgniter->runController(Object(App\Controllers\TableLab))
 8 SYSTEMPATH/CodeIgniter.php(368): CodeIgniter\CodeIgniter->handleRequest(null, Object(Config\Cache), false)
 9 FCPATH/index.php(67): CodeIgniter\CodeIgniter->run()
10 SYSTEMPATH/Commands/Server/rewrite.php(47): require_once('/Users/jameswayd/Desktop/my-project/public/index.php')
CRITICAL - 2023-05-30 13:34:28 --> foreach() argument must be of type array|object, string given
in APPPATH/Views/TableLabView.php on line 19.
 1 APPPATH/Views/TableLabView.php(19): CodeIgniter\Debug\Exceptions->errorHandler(2, 'foreach() argument must be of type array|object, string given', '/Users/jameswayd/Desktop/my-project/app/Views/TableLabView.php', 19)
 2 SYSTEMPATH/View/View.php(213): include('/Users/jameswayd/Desktop/my-project/app/Views/TableLabView.php')
 3 SYSTEMPATH/View/View.php(216): CodeIgniter\View\View->CodeIgniter\View\{closure}()
 4 SYSTEMPATH/Common.php(1184): CodeIgniter\View\View->render('TableLabView', [], true)
 5 APPPATH/Controllers/TableLab.php(46): view('TableLabView', [...])
 6 SYSTEMPATH/CodeIgniter.php(934): App\Controllers\TableLab->tablelab()
 7 SYSTEMPATH/CodeIgniter.php(499): CodeIgniter\CodeIgniter->runController(Object(App\Controllers\TableLab))
 8 SYSTEMPATH/CodeIgniter.php(368): CodeIgniter\CodeIgniter->handleRequest(null, Object(Config\Cache), false)
 9 FCPATH/index.php(67): CodeIgniter\CodeIgniter->run()
10 SYSTEMPATH/Commands/Server/rewrite.php(47): require_once('/Users/jameswayd/Desktop/my-project/public/index.php')
CRITICAL - 2023-05-30 13:42:45 --> Undefined array key "Requirement Gathering and Analysis"
in APPPATH/Views/TableLabView.php on line 26.
 1 APPPATH/Views/TableLabView.php(26): CodeIgniter\Debug\Exceptions->errorHandler(2, 'Undefined array key "Requirement Gathering and Analysis"', '/Users/jameswayd/Desktop/my-project/app/Views/TableLabView.php', 26)
 2 SYSTEMPATH/View/View.php(213): include('/Users/jameswayd/Desktop/my-project/app/Views/TableLabView.php')
 3 SYSTEMPATH/View/View.php(216): CodeIgniter\View\View->CodeIgniter\View\{closure}()
 4 SYSTEMPATH/Common.php(1184): CodeIgniter\View\View->render('TableLabView', [], true)
 5 APPPATH/Controllers/TableLab.php(42): view('TableLabView', [...])
 6 SYSTEMPATH/CodeIgniter.php(934): App\Controllers\TableLab->tablelab()
 7 SYSTEMPATH/CodeIgniter.php(499): CodeIgniter\CodeIgniter->runController(Object(App\Controllers\TableLab))
 8 SYSTEMPATH/CodeIgniter.php(368): CodeIgniter\CodeIgniter->handleRequest(null, Object(Config\Cache), false)
 9 FCPATH/index.php(67): CodeIgniter\CodeIgniter->run()
10 SYSTEMPATH/Commands/Server/rewrite.php(47): require_once('/Users/jameswayd/Desktop/my-project/public/index.php')
CRITICAL - 2023-05-30 13:43:58 --> Undefined array key "Week_1"
in APPPATH/Views/TableLabView.php on line 26.
 1 APPPATH/Views/TableLabView.php(26): CodeIgniter\Debug\Exceptions->errorHandler(2, 'Undefined array key "Week_1"', '/Users/jameswayd/Desktop/my-project/app/Views/TableLabView.php', 26)
 2 SYSTEMPATH/View/View.php(213): include('/Users/jameswayd/Desktop/my-project/app/Views/TableLabView.php')
 3 SYSTEMPATH/View/View.php(216): CodeIgniter\View\View->CodeIgniter\View\{closure}()
 4 SYSTEMPATH/Common.php(1184): CodeIgniter\View\View->render('TableLabView', [], true)
 5 APPPATH/Controllers/TableLab.php(42): view('TableLabView', [...])
 6 SYSTEMPATH/CodeIgniter.php(934): App\Controllers\TableLab->tablelab()
 7 SYSTEMPATH/CodeIgniter.php(499): CodeIgniter\CodeIgniter->runController(Object(App\Controllers\TableLab))
 8 SYSTEMPATH/CodeIgniter.php(368): CodeIgniter\CodeIgniter->handleRequest(null, Object(Config\Cache), false)
 9 FCPATH/index.php(67): CodeIgniter\CodeIgniter->run()
10 SYSTEMPATH/Commands/Server/rewrite.php(47): require_once('/Users/jameswayd/Desktop/my-project/public/index.php')
CRITICAL - 2023-05-30 13:48:02 --> Undefined array key 1
in APPPATH/Views/TableLabView.php on line 26.
 1 APPPATH/Views/TableLabView.php(26): CodeIgniter\Debug\Exceptions->errorHandler(2, 'Undefined array key 1', '/Users/jameswayd/Desktop/my-project/app/Views/TableLabView.php', 26)
 2 SYSTEMPATH/View/View.php(213): include('/Users/jameswayd/Desktop/my-project/app/Views/TableLabView.php')
 3 SYSTEMPATH/View/View.php(216): CodeIgniter\View\View->CodeIgniter\View\{closure}()
 4 SYSTEMPATH/Common.php(1184): CodeIgniter\View\View->render('TableLabView', [], true)
 5 APPPATH/Controllers/TableLab.php(42): view('TableLabView', [...])
 6 SYSTEMPATH/CodeIgniter.php(934): App\Controllers\TableLab->tablelab()
 7 SYSTEMPATH/CodeIgniter.php(499): CodeIgniter\CodeIgniter->runController(Object(App\Controllers\TableLab))
 8 SYSTEMPATH/CodeIgniter.php(368): CodeIgniter\CodeIgniter->handleRequest(null, Object(Config\Cache), false)
 9 FCPATH/index.php(67): CodeIgniter\CodeIgniter->run()
10 SYSTEMPATH/Commands/Server/rewrite.php(47): require_once('/Users/jameswayd/Desktop/my-project/public/index.php')
CRITICAL - 2023-05-30 13:50:48 --> Undefined array key 1
in APPPATH/Views/TableLabView.php on line 26.
 1 APPPATH/Views/TableLabView.php(26): CodeIgniter\Debug\Exceptions->errorHandler(2, 'Undefined array key 1', '/Users/jameswayd/Desktop/my-project/app/Views/TableLabView.php', 26)
 2 SYSTEMPATH/View/View.php(213): include('/Users/jameswayd/Desktop/my-project/app/Views/TableLabView.php')
 3 SYSTEMPATH/View/View.php(216): CodeIgniter\View\View->CodeIgniter\View\{closure}()
 4 SYSTEMPATH/Common.php(1184): CodeIgniter\View\View->render('TableLabView', [], true)
 5 APPPATH/Controllers/TableLab.php(42): view('TableLabView', [...])
 6 SYSTEMPATH/CodeIgniter.php(934): App\Controllers\TableLab->tablelab()
 7 SYSTEMPATH/CodeIgniter.php(499): CodeIgniter\CodeIgniter->runController(Object(App\Controllers\TableLab))
 8 SYSTEMPATH/CodeIgniter.php(368): CodeIgniter\CodeIgniter->handleRequest(null, Object(Config\Cache), false)
 9 FCPATH/index.php(67): CodeIgniter\CodeIgniter->run()
10 SYSTEMPATH/Commands/Server/rewrite.php(47): require_once('/Users/jameswayd/Desktop/my-project/public/index.php')
CRITICAL - 2023-05-30 13:51:42 --> Undefined array key 1
in APPPATH/Views/TableLabView.php on line 26.
 1 APPPATH/Views/TableLabView.php(26): CodeIgniter\Debug\Exceptions->errorHandler(2, 'Undefined array key 1', '/Users/jameswayd/Desktop/my-project/app/Views/TableLabView.php', 26)
 2 SYSTEMPATH/View/View.php(213): include('/Users/jameswayd/Desktop/my-project/app/Views/TableLabView.php')
 3 SYSTEMPATH/View/View.php(216): CodeIgniter\View\View->CodeIgniter\View\{closure}()
 4 SYSTEMPATH/Common.php(1184): CodeIgniter\View\View->render('TableLabView', [], true)
 5 APPPATH/Controllers/TableLab.php(42): view('TableLabView', [...])
 6 SYSTEMPATH/CodeIgniter.php(934): App\Controllers\TableLab->tablelab()
 7 SYSTEMPATH/CodeIgniter.php(499): CodeIgniter\CodeIgniter->runController(Object(App\Controllers\TableLab))
 8 SYSTEMPATH/CodeIgniter.php(368): CodeIgniter\CodeIgniter->handleRequest(null, Object(Config\Cache), false)
 9 FCPATH/index.php(67): CodeIgniter\CodeIgniter->run()
10 SYSTEMPATH/Commands/Server/rewrite.php(47): require_once('/Users/jameswayd/Desktop/my-project/public/index.php')
CRITICAL - 2023-05-30 13:54:50 --> Undefined array key 1
in APPPATH/Views/TableLabView.php on line 26.
 1 APPPATH/Views/TableLabView.php(26): CodeIgniter\Debug\Exceptions->errorHandler(2, 'Undefined array key 1', '/Users/jameswayd/Desktop/my-project/app/Views/TableLabView.php', 26)
 2 SYSTEMPATH/View/View.php(213): include('/Users/jameswayd/Desktop/my-project/app/Views/TableLabView.php')
 3 SYSTEMPATH/View/View.php(216): CodeIgniter\View\View->CodeIgniter\View\{closure}()
 4 SYSTEMPATH/Common.php(1184): CodeIgniter\View\View->render('TableLabView', [], true)
 5 APPPATH/Controllers/TableLab.php(42): view('TableLabView', [...])
 6 SYSTEMPATH/CodeIgniter.php(934): App\Controllers\TableLab->tablelab()
 7 SYSTEMPATH/CodeIgniter.php(499): CodeIgniter\CodeIgniter->runController(Object(App\Controllers\TableLab))
 8 SYSTEMPATH/CodeIgniter.php(368): CodeIgniter\CodeIgniter->handleRequest(null, Object(Config\Cache), false)
 9 FCPATH/index.php(67): CodeIgniter\CodeIgniter->run()
10 SYSTEMPATH/Commands/Server/rewrite.php(47): require_once('/Users/jameswayd/Desktop/my-project/public/index.php')
CRITICAL - 2023-05-30 13:55:17 --> Undefined array key 1
in APPPATH/Views/TableLabView.php on line 26.
 1 APPPATH/Views/TableLabView.php(26): CodeIgniter\Debug\Exceptions->errorHandler(2, 'Undefined array key 1', '/Users/jameswayd/Desktop/my-project/app/Views/TableLabView.php', 26)
 2 SYSTEMPATH/View/View.php(213): include('/Users/jameswayd/Desktop/my-project/app/Views/TableLabView.php')
 3 SYSTEMPATH/View/View.php(216): CodeIgniter\View\View->CodeIgniter\View\{closure}()
 4 SYSTEMPATH/Common.php(1184): CodeIgniter\View\View->render('TableLabView', [], true)
 5 APPPATH/Controllers/TableLab.php(22): view('TableLabView', [...])
 6 SYSTEMPATH/CodeIgniter.php(934): App\Controllers\TableLab->tablelab()
 7 SYSTEMPATH/CodeIgniter.php(499): CodeIgniter\CodeIgniter->runController(Object(App\Controllers\TableLab))
 8 SYSTEMPATH/CodeIgniter.php(368): CodeIgniter\CodeIgniter->handleRequest(null, Object(Config\Cache), false)
 9 FCPATH/index.php(67): CodeIgniter\CodeIgniter->run()
10 SYSTEMPATH/Commands/Server/rewrite.php(47): require_once('/Users/jameswayd/Desktop/my-project/public/index.php')
CRITICAL - 2023-05-30 14:25:15 --> Undefined variable $data
in APPPATH/Views/TableLabView.php on line 4.
 1 APPPATH/Views/TableLabView.php(4): CodeIgniter\Debug\Exceptions->errorHandler(2, 'Undefined variable $data', '/Users/jameswayd/Desktop/my-project/app/Views/TableLabView.php', 4)
 2 SYSTEMPATH/View/View.php(213): include('/Users/jameswayd/Desktop/my-project/app/Views/TableLabView.php')
 3 SYSTEMPATH/View/View.php(216): CodeIgniter\View\View->CodeIgniter\View\{closure}()
 4 SYSTEMPATH/Common.php(1184): CodeIgniter\View\View->render('TableLabView', [], true)
 5 APPPATH/Controllers/TableLab.php(27): view('TableLabView', [...])
 6 SYSTEMPATH/CodeIgniter.php(934): App\Controllers\TableLab->tablelab()
 7 SYSTEMPATH/CodeIgniter.php(499): CodeIgniter\CodeIgniter->runController(Object(App\Controllers\TableLab))
 8 SYSTEMPATH/CodeIgniter.php(368): CodeIgniter\CodeIgniter->handleRequest(null, Object(Config\Cache), false)
 9 FCPATH/index.php(67): CodeIgniter\CodeIgniter->run()
10 SYSTEMPATH/Commands/Server/rewrite.php(47): require_once('/Users/jameswayd/Desktop/my-project/public/index.php')
CRITICAL - 2023-05-30 14:30:23 --> Array to string conversion
in APPPATH/Views/TableLabView.php on line 17.
 1 APPPATH/Views/TableLabView.php(17): CodeIgniter\Debug\Exceptions->errorHandler(2, 'Array to string conversion', '/Users/jameswayd/Desktop/my-project/app/Views/TableLabView.php', 17)
 2 SYSTEMPATH/View/View.php(213): include('/Users/jameswayd/Desktop/my-project/app/Views/TableLabView.php')
 3 SYSTEMPATH/View/View.php(216): CodeIgniter\View\View->CodeIgniter\View\{closure}()
 4 SYSTEMPATH/Common.php(1184): CodeIgniter\View\View->render('TableLabView', [], true)
 5 APPPATH/Controllers/TableLab.php(27): view('TableLabView', [...])
 6 SYSTEMPATH/CodeIgniter.php(934): App\Controllers\TableLab->tablelab()
 7 SYSTEMPATH/CodeIgniter.php(499): CodeIgniter\CodeIgniter->runController(Object(App\Controllers\TableLab))
 8 SYSTEMPATH/CodeIgniter.php(368): CodeIgniter\CodeIgniter->handleRequest(null, Object(Config\Cache), false)
 9 FCPATH/index.php(67): CodeIgniter\CodeIgniter->run()
10 SYSTEMPATH/Commands/Server/rewrite.php(47): require_once('/Users/jameswayd/Desktop/my-project/public/index.php')
CRITICAL - 2023-05-30 14:30:37 --> Array to string conversion
in APPPATH/Views/TableLabView.php on line 16.
 1 APPPATH/Views/TableLabView.php(16): CodeIgniter\Debug\Exceptions->errorHandler(2, 'Array to string conversion', '/Users/jameswayd/Desktop/my-project/app/Views/TableLabView.php', 16)
 2 SYSTEMPATH/View/View.php(213): include('/Users/jameswayd/Desktop/my-project/app/Views/TableLabView.php')
 3 SYSTEMPATH/View/View.php(216): CodeIgniter\View\View->CodeIgniter\View\{closure}()
 4 SYSTEMPATH/Common.php(1184): CodeIgniter\View\View->render('TableLabView', [], true)
 5 APPPATH/Controllers/TableLab.php(27): view('TableLabView', [...])
 6 SYSTEMPATH/CodeIgniter.php(934): App\Controllers\TableLab->tablelab()
 7 SYSTEMPATH/CodeIgniter.php(499): CodeIgniter\CodeIgniter->runController(Object(App\Controllers\TableLab))
 8 SYSTEMPATH/CodeIgniter.php(368): CodeIgniter\CodeIgniter->handleRequest(null, Object(Config\Cache), false)
 9 FCPATH/index.php(67): CodeIgniter\CodeIgniter->run()
10 SYSTEMPATH/Commands/Server/rewrite.php(47): require_once('/Users/jameswayd/Desktop/my-project/public/index.php')
CRITICAL - 2023-05-30 14:30:59 --> Array to string conversion
in APPPATH/Views/TableLabView.php on line 15.
 1 APPPATH/Views/TableLabView.php(15): CodeIgniter\Debug\Exceptions->errorHandler(2, 'Array to string conversion', '/Users/jameswayd/Desktop/my-project/app/Views/TableLabView.php', 15)
 2 SYSTEMPATH/View/View.php(213): include('/Users/jameswayd/Desktop/my-project/app/Views/TableLabView.php')
 3 SYSTEMPATH/View/View.php(216): CodeIgniter\View\View->CodeIgniter\View\{closure}()
 4 SYSTEMPATH/Common.php(1184): CodeIgniter\View\View->render('TableLabView', [], true)
 5 APPPATH/Controllers/TableLab.php(27): view('TableLabView', [...])
 6 SYSTEMPATH/CodeIgniter.php(934): App\Controllers\TableLab->tablelab()
 7 SYSTEMPATH/CodeIgniter.php(499): CodeIgniter\CodeIgniter->runController(Object(App\Controllers\TableLab))
 8 SYSTEMPATH/CodeIgniter.php(368): CodeIgniter\CodeIgniter->handleRequest(null, Object(Config\Cache), false)
 9 FCPATH/index.php(67): CodeIgniter\CodeIgniter->run()
10 SYSTEMPATH/Commands/Server/rewrite.php(47): require_once('/Users/jameswayd/Desktop/my-project/public/index.php')
